[08-Jan-2025 06:34:46 UTC] PHP Fatal error:  Uncaught TypeError: call_user_func_array(): Argument #1 ($callback) must be a valid callback, function "myduyentheme_setup" not found or invalid function name in /var/www/html/wp-includes/class-wp-hook.php:324
Stack trace:
#0 /var/www/html/wp-includes/class-wp-hook.php(348): WP_Hook->apply_filters()
#1 /var/www/html/wp-includes/plugin.php(517): WP_Hook->do_action()
#2 /var/www/html/wp-settings.php(682): do_action()
#3 /var/www/html/wp-config.php(103): require_once('...')
#4 /var/www/html/wp-load.php(50): require_once('...')
#5 /var/www/html/wp-blog-header.php(13): require_once('...')
#6 /var/www/html/index.php(17): require('...')
#7 {main}
  thrown in /var/www/html/wp-includes/class-wp-hook.php on line 324
[08-Jan-2025 06:39:43 UTC] PHP Fatal error:  Uncaught TypeError: call_user_func_array(): Argument #1 ($callback) must be a valid callback, function "myduyentheme_setup" not found or invalid function name in /var/www/html/wp-includes/class-wp-hook.php:324
Stack trace:
#0 /var/www/html/wp-includes/class-wp-hook.php(348): WP_Hook->apply_filters()
#1 /var/www/html/wp-includes/plugin.php(517): WP_Hook->do_action()
#2 /var/www/html/wp-settings.php(682): do_action()
#3 /var/www/html/wp-config.php(103): require_once('...')
#4 /var/www/html/wp-load.php(50): require_once('...')
#5 /var/www/html/wp-blog-header.php(13): require_once('...')
#6 /var/www/html/index.php(17): require('...')
#7 {main}
  thrown in /var/www/html/wp-includes/class-wp-hook.php on line 324
[08-Jan-2025 06:39:47 UTC] PHP Fatal error:  Uncaught TypeError: call_user_func_array(): Argument #1 ($callback) must be a valid callback, function "myduyentheme_setup" not found or invalid function name in /var/www/html/wp-includes/class-wp-hook.php:324
Stack trace:
#0 /var/www/html/wp-includes/class-wp-hook.php(348): WP_Hook->apply_filters()
#1 /var/www/html/wp-includes/plugin.php(517): WP_Hook->do_action()
#2 /var/www/html/wp-settings.php(682): do_action()
#3 /var/www/html/wp-config.php(103): require_once('...')
#4 /var/www/html/wp-load.php(50): require_once('...')
#5 /var/www/html/wp-blog-header.php(13): require_once('...')
#6 /var/www/html/index.php(17): require('...')
#7 {main}
  thrown in /var/www/html/wp-includes/class-wp-hook.php on line 324
[08-Jan-2025 06:43:31 UTC] PHP Fatal error:  Uncaught TypeError: call_user_func_array(): Argument #1 ($callback) must be a valid callback, function "myduyentheme_setup" not found or invalid function name in /var/www/html/wp-includes/class-wp-hook.php:324
Stack trace:
#0 /var/www/html/wp-includes/class-wp-hook.php(348): WP_Hook->apply_filters()
#1 /var/www/html/wp-includes/plugin.php(517): WP_Hook->do_action()
#2 /var/www/html/wp-settings.php(682): do_action()
#3 /var/www/html/wp-config.php(103): require_once('...')
#4 /var/www/html/wp-load.php(50): require_once('...')
#5 /var/www/html/wp-blog-header.php(13): require_once('...')
#6 /var/www/html/index.php(17): require('...')
#7 {main}
  thrown in /var/www/html/wp-includes/class-wp-hook.php on line 324
[08-Jan-2025 06:44:07 UTC] PHP Fatal error:  Uncaught TypeError: call_user_func_array(): Argument #1 ($callback) must be a valid callback, function "myduyentheme_setup" not found or invalid function name in /var/www/html/wp-includes/class-wp-hook.php:324
Stack trace:
#0 /var/www/html/wp-includes/class-wp-hook.php(348): WP_Hook->apply_filters()
#1 /var/www/html/wp-includes/plugin.php(517): WP_Hook->do_action()
#2 /var/www/html/wp-settings.php(682): do_action()
#3 /var/www/html/wp-config.php(103): require_once('...')
#4 /var/www/html/wp-load.php(50): require_once('...')
#5 /var/www/html/wp-admin/admin.php(34): require_once('...')
#6 /var/www/html/wp-admin/themes.php(10): require_once('...')
#7 {main}
  thrown in /var/www/html/wp-includes/class-wp-hook.php on line 324
[08-Jan-2025 06:45:41 UTC] PHP Fatal error:  Uncaught TypeError: call_user_func_array(): Argument #1 ($callback) must be a valid callback, function "myduyentheme_setup" not found or invalid function name in /var/www/html/wp-includes/class-wp-hook.php:324
Stack trace:
#0 /var/www/html/wp-includes/class-wp-hook.php(348): WP_Hook->apply_filters()
#1 /var/www/html/wp-includes/plugin.php(517): WP_Hook->do_action()
#2 /var/www/html/wp-settings.php(682): do_action()
#3 /var/www/html/wp-config.php(103): require_once('...')
#4 /var/www/html/wp-load.php(50): require_once('...')
#5 /var/www/html/wp-admin/admin.php(34): require_once('...')
#6 /var/www/html/wp-admin/themes.php(10): require_once('...')
#7 {main}
  thrown in /var/www/html/wp-includes/class-wp-hook.php on line 324
[08-Jan-2025 06:46:01 UTC] PHP Fatal error:  Uncaught TypeError: call_user_func_array(): Argument #1 ($callback) must be a valid callback, function "myduyentheme_setup" not found or invalid function name in /var/www/html/wp-includes/class-wp-hook.php:324
Stack trace:
#0 /var/www/html/wp-includes/class-wp-hook.php(348): WP_Hook->apply_filters()
#1 /var/www/html/wp-includes/plugin.php(517): WP_Hook->do_action()
#2 /var/www/html/wp-settings.php(682): do_action()
#3 /var/www/html/wp-config.php(103): require_once('...')
#4 /var/www/html/wp-load.php(50): require_once('...')
#5 /var/www/html/wp-admin/admin.php(34): require_once('...')
#6 /var/www/html/wp-admin/themes.php(10): require_once('...')
#7 {main}
  thrown in /var/www/html/wp-includes/class-wp-hook.php on line 324
[08-Jan-2025 06:47:03 UTC] PHP Fatal error:  Uncaught TypeError: call_user_func_array(): Argument #1 ($callback) must be a valid callback, function "myduyentheme_setup" not found or invalid function name in /var/www/html/wp-includes/class-wp-hook.php:324
Stack trace:
#0 /var/www/html/wp-includes/class-wp-hook.php(348): WP_Hook->apply_filters()
#1 /var/www/html/wp-includes/plugin.php(517): WP_Hook->do_action()
#2 /var/www/html/wp-settings.php(682): do_action()
#3 /var/www/html/wp-config.php(103): require_once('...')
#4 /var/www/html/wp-load.php(50): require_once('...')
#5 /var/www/html/wp-admin/admin.php(34): require_once('...')
#6 /var/www/html/wp-admin/index.php(10): require_once('...')
#7 {main}
  thrown in /var/www/html/wp-includes/class-wp-hook.php on line 324
[08-Jan-2025 06:47:17 UTC] PHP Fatal error:  Uncaught TypeError: call_user_func_array(): Argument #1 ($callback) must be a valid callback, function "myduyentheme_setup" not found or invalid function name in /var/www/html/wp-includes/class-wp-hook.php:324
Stack trace:
#0 /var/www/html/wp-includes/class-wp-hook.php(348): WP_Hook->apply_filters()
#1 /var/www/html/wp-includes/plugin.php(517): WP_Hook->do_action()
#2 /var/www/html/wp-settings.php(682): do_action()
#3 /var/www/html/wp-config.php(103): require_once('...')
#4 /var/www/html/wp-load.php(50): require_once('...')
#5 /var/www/html/wp-admin/admin.php(34): require_once('...')
#6 /var/www/html/wp-admin/index.php(10): require_once('...')
#7 {main}
  thrown in /var/www/html/wp-includes/class-wp-hook.php on line 324
[08-Jan-2025 06:50:49 UTC] PHP Fatal error:  Uncaught TypeError: call_user_func_array(): Argument #1 ($callback) must be a valid callback, function "myduyentheme_setup" not found or invalid function name in /var/www/html/wp-includes/class-wp-hook.php:324
Stack trace:
#0 /var/www/html/wp-includes/class-wp-hook.php(348): WP_Hook->apply_filters()
#1 /var/www/html/wp-includes/plugin.php(517): WP_Hook->do_action()
#2 /var/www/html/wp-settings.php(682): do_action()
#3 /var/www/html/wp-config.php(103): require_once('...')
#4 /var/www/html/wp-load.php(50): require_once('...')
#5 /var/www/html/wp-admin/admin.php(34): require_once('...')
#6 /var/www/html/wp-admin/index.php(10): require_once('...')
#7 {main}
  thrown in /var/www/html/wp-includes/class-wp-hook.php on line 324
